{"/home/ahmdhndr/devs/repos/nestjs-starter/starter/src/core/config/config.module.ts": {"path":"/home/ahmdhndr/devs/repos/nestjs-starter/starter/src/core/config/config.module.ts","statementMap":{"0":{"start":{"line":1,"column":0},"end":{"line":1,"column":40}},"1":{"start":{"line":2,"column":0},"end":{"line":2,"column":66}},"2":{"start":{"line":4,"column":0},"end":{"line":4,"column":41}},"3":{"start":{"line":25,"column":7},"end":{"line":25,"column":null}},"4":{"start":{"line":25,"column":13},"end":{"line":25,"column":25}},"5":{"start":{"line":25,"column":13},"end":{"line":25,"column":null}},"6":{"start":{"line":11,"column":23},"end":{"line":11,"column":50}},"7":{"start":{"line":12,"column":8},"end":{"line":18,"column":9}},"8":{"start":{"line":13,"column":10},"end":{"line":16,"column":12}},"9":{"start":{"line":17,"column":10},"end":{"line":17,"column":26}},"10":{"start":{"line":20,"column":8},"end":{"line":20,"column":27}}},"fnMap":{"0":{"name":"(anonymous_1)","decl":{"start":{"line":10,"column":16},"end":{"line":10,"column":17}},"loc":{"start":{"line":10,"column":52},"end":{"line":21,"column":7}}}},"branchMap":{"0":{"loc":{"start":{"line":12,"column":8},"end":{"line":18,"column":9}},"type":"if","locations":[{"start":{"line":12,"column":8},"end":{"line":18,"column":9}}]}},"s":{"0":4,"1":4,"2":4,"3":4,"4":4,"5":4,"6":4,"7":4,"8":1,"9":1,"10":3},"f":{"0":4},"b":{"0":[1]}}
,"/home/ahmdhndr/devs/repos/nestjs-starter/starter/src/core/config/env.schema.ts": {"path":"/home/ahmdhndr/devs/repos/nestjs-starter/starter/src/core/config/env.schema.ts","statementMap":{"0":{"start":{"line":1,"column":0},"end":{"line":1,"column":24}},"1":{"start":{"line":3,"column":13},"end":{"line":6,"column":3}}},"fnMap":{},"branchMap":{},"s":{"0":4,"1":4},"f":{},"b":{}}
,"/home/ahmdhndr/devs/repos/nestjs-starter/starter/src/core/config/index.ts": {"path":"/home/ahmdhndr/devs/repos/nestjs-starter/starter/src/core/config/index.ts","statementMap":{"0":{"start":{"line":1,"column":0},"end":{"line":1,"column":32}},"1":{"start":{"line":2,"column":0},"end":{"line":2,"column":29}}},"fnMap":{},"branchMap":{},"s":{"0":3,"1":3},"f":{},"b":{}}
,"/home/ahmdhndr/devs/repos/nestjs-starter/starter/src/modules/app/app.controller.ts": {"path":"/home/ahmdhndr/devs/repos/nestjs-starter/starter/src/modules/app/app.controller.ts","statementMap":{"0":{"start":{"line":1,"column":0},"end":{"line":1,"column":61}},"1":{"start":{"line":2,"column":0},"end":{"line":2,"column":52}},"2":{"start":{"line":3,"column":0},"end":{"line":3,"column":50}},"3":{"start":{"line":5,"column":0},"end":{"line":5,"column":43}},"4":{"start":{"line":6,"column":0},"end":{"line":6,"column":65}},"5":{"start":{"line":9,"column":7},"end":{"line":37,"column":null}},"6":{"start":{"line":10,"column":31},"end":{"line":10,"column":43}},"7":{"start":{"line":14,"column":4},"end":{"line":14,"column":38}},"8":{"start":{"line":30,"column":4},"end":{"line":30,"column":49}},"9":{"start":{"line":35,"column":4},"end":{"line":35,"column":38}},"10":{"start":{"line":9,"column":13},"end":{"line":9,"column":26}},"11":{"start":{"line":13,"column":2},"end":{"line":15,"column":null}},"12":{"start":{"line":27,"column":2},"end":{"line":31,"column":null}},"13":{"start":{"line":34,"column":2},"end":{"line":36,"column":null}},"14":{"start":{"line":9,"column":13},"end":{"line":37,"column":null}}},"fnMap":{"0":{"name":"(anonymous_4)","decl":{"start":{"line":10,"column":2},"end":{"line":10,"column":31}},"loc":{"start":{"line":10,"column":53},"end":{"line":10,"column":57}}},"1":{"name":"(anonymous_5)","decl":{"start":{"line":13,"column":2},"end":{"line":13,"column":10}},"loc":{"start":{"line":13,"column":10},"end":{"line":15,"column":3}}},"2":{"name":"(anonymous_6)","decl":{"start":{"line":27,"column":2},"end":{"line":27,"column":10}},"loc":{"start":{"line":28,"column":73},"end":{"line":31,"column":3}}},"3":{"name":"(anonymous_7)","decl":{"start":{"line":34,"column":2},"end":{"line":34,"column":10}},"loc":{"start":{"line":34,"column":10},"end":{"line":36,"column":3}}}},"branchMap":{},"s":{"0":1,"1":1,"2":1,"3":1,"4":1,"5":1,"6":4,"7":1,"8":1,"9":1,"10":1,"11":1,"12":1,"13":1,"14":1},"f":{"0":4,"1":1,"2":1,"3":1},"b":{}}
,"/home/ahmdhndr/devs/repos/nestjs-starter/starter/src/modules/app/app.service.ts": {"path":"/home/ahmdhndr/devs/repos/nestjs-starter/starter/src/modules/app/app.service.ts","statementMap":{"0":{"start":{"line":1,"column":0},"end":{"line":1,"column":65}},"1":{"start":{"line":2,"column":0},"end":{"line":2,"column":48}},"2":{"start":{"line":7,"column":7},"end":{"line":22,"column":null}},"3":{"start":{"line":9,"column":4},"end":{"line":9,"column":76}},"4":{"start":{"line":13,"column":4},"end":{"line":16,"column":6}},"5":{"start":{"line":20,"column":4},"end":{"line":20,"column":65}},"6":{"start":{"line":7,"column":13},"end":{"line":7,"column":23}},"7":{"start":{"line":7,"column":13},"end":{"line":22,"column":null}}},"fnMap":{"0":{"name":"(anonymous_1)","decl":{"start":{"line":8,"column":2},"end":{"line":8,"column":10}},"loc":{"start":{"line":8,"column":10},"end":{"line":10,"column":3}}},"1":{"name":"(anonymous_2)","decl":{"start":{"line":12,"column":2},"end":{"line":12,"column":10}},"loc":{"start":{"line":12,"column":35},"end":{"line":17,"column":3}}},"2":{"name":"(anonymous_3)","decl":{"start":{"line":19,"column":2},"end":{"line":19,"column":10}},"loc":{"start":{"line":19,"column":10},"end":{"line":21,"column":3}}}},"branchMap":{},"s":{"0":2,"1":2,"2":2,"3":1,"4":1,"5":1,"6":2,"7":2},"f":{"0":1,"1":1,"2":1},"b":{}}
,"/home/ahmdhndr/devs/repos/nestjs-starter/starter/src/modules/app/dto/greeting.dto.ts": {"path":"/home/ahmdhndr/devs/repos/nestjs-starter/starter/src/modules/app/dto/greeting.dto.ts","statementMap":{"0":{"start":{"line":1,"column":0},"end":{"line":1,"column":24}},"1":{"start":{"line":3,"column":13},"end":{"line":7,"column":3}}},"fnMap":{},"branchMap":{},"s":{"0":1,"1":1},"f":{},"b":{}}
,"/home/ahmdhndr/devs/repos/nestjs-starter/starter/src/shared/pipes/index.ts": {"path":"/home/ahmdhndr/devs/repos/nestjs-starter/starter/src/shared/pipes/index.ts","statementMap":{"0":{"start":{"line":1,"column":0},"end":{"line":1,"column":38}}},"fnMap":{},"branchMap":{},"s":{"0":1},"f":{},"b":{}}
,"/home/ahmdhndr/devs/repos/nestjs-starter/starter/src/shared/pipes/zod-validation.pipe.ts": {"path":"/home/ahmdhndr/devs/repos/nestjs-starter/starter/src/shared/pipes/zod-validation.pipe.ts","statementMap":{"0":{"start":{"line":1,"column":0},"end":{"line":1,"column":null}},"1":{"start":{"line":6,"column":0},"end":{"line":6,"column":53}},"2":{"start":{"line":10,"column":22},"end":{"line":10,"column":44}},"3":{"start":{"line":13,"column":19},"end":{"line":13,"column":47}},"4":{"start":{"line":14,"column":4},"end":{"line":18,"column":5}},"5":{"start":{"line":15,"column":6},"end":{"line":17,"column":9}},"6":{"start":{"line":21,"column":4},"end":{"line":21,"column":23}},"7":{"start":{"line":9,"column":0},"end":{"line":9,"column":13}}},"fnMap":{"0":{"name":"(anonymous_0)","decl":{"start":{"line":10,"column":2},"end":{"line":10,"column":22}},"loc":{"start":{"line":10,"column":44},"end":{"line":10,"column":48}}},"1":{"name":"(anonymous_1)","decl":{"start":{"line":12,"column":2},"end":{"line":12,"column":11}},"loc":{"start":{"line":12,"column":51},"end":{"line":22,"column":3}}}},"branchMap":{"0":{"loc":{"start":{"line":14,"column":4},"end":{"line":18,"column":5}},"type":"if","locations":[{"start":{"line":14,"column":4},"end":{"line":18,"column":5}}]}},"s":{"0":2,"1":2,"2":2,"3":2,"4":2,"5":1,"6":1,"7":2},"f":{"0":2,"1":2},"b":{"0":[1]}}
,"/home/ahmdhndr/devs/repos/nestjs-starter/starter/src/shared/utils/env.ts": {"path":"/home/ahmdhndr/devs/repos/nestjs-starter/starter/src/shared/utils/env.ts","statementMap":{"0":{"start":{"line":1,"column":0},"end":{"line":1,"column":41}},"1":{"start":{"line":3,"column":13},"end":{"line":3,"column":48}}},"fnMap":{},"branchMap":{},"s":{"0":3,"1":3},"f":{},"b":{}}
,"/home/ahmdhndr/devs/repos/nestjs-starter/starter/src/shared/utils/extract-first-zod-error.ts": {"path":"/home/ahmdhndr/devs/repos/nestjs-starter/starter/src/shared/utils/extract-first-zod-error.ts","statementMap":{"0":{"start":{"line":3,"column":0},"end":{"line":3,"column":16}},"1":{"start":{"line":6,"column":18},"end":{"line":6,"column":45}},"2":{"start":{"line":8,"column":2},"end":{"line":17,"column":3}},"3":{"start":{"line":9,"column":4},"end":{"line":16,"column":5}},"4":{"start":{"line":15,"column":6},"end":{"line":15,"column":28}},"5":{"start":{"line":20,"column":2},"end":{"line":20,"column":29}}},"fnMap":{"0":{"name":"extractFirstZodError","decl":{"start":{"line":3,"column":16},"end":{"line":3,"column":36}},"loc":{"start":{"line":5,"column":1},"end":{"line":21,"column":1}}}},"branchMap":{"0":{"loc":{"start":{"line":9,"column":4},"end":{"line":16,"column":5}},"type":"if","locations":[{"start":{"line":9,"column":4},"end":{"line":16,"column":5}}]},"1":{"loc":{"start":{"line":10,"column":6},"end":{"line":13,"column":28}},"type":"binary-expr","locations":[{"start":{"line":10,"column":6},"end":{"line":10,"column":23}},{"start":{"line":11,"column":6},"end":{"line":11,"column":9}},{"start":{"line":12,"column":6},"end":{"line":12,"column":32}},{"start":{"line":13,"column":6},"end":{"line":13,"column":28}}]}},"s":{"0":4,"1":4,"2":4,"3":8,"4":3,"5":1},"f":{"0":4},"b":{"0":[3],"1":[8,5,5,5]}}
,"/home/ahmdhndr/devs/repos/nestjs-starter/starter/src/shared/utils/index.ts": {"path":"/home/ahmdhndr/devs/repos/nestjs-starter/starter/src/shared/utils/index.ts","statementMap":{"0":{"start":{"line":1,"column":0},"end":{"line":1,"column":22}},"1":{"start":{"line":2,"column":0},"end":{"line":2,"column":42}},"2":{"start":{"line":3,"column":0},"end":{"line":3,"column":34}}},"fnMap":{},"branchMap":{},"s":{"0":3,"1":3,"2":3},"f":{},"b":{}}
,"/home/ahmdhndr/devs/repos/nestjs-starter/starter/src/shared/utils/response.helper.ts": {"path":"/home/ahmdhndr/devs/repos/nestjs-starter/starter/src/shared/utils/response.helper.ts","statementMap":{"0":{"start":{"line":1,"column":0},"end":{"line":1,"column":16}},"1":{"start":{"line":2,"column":2},"end":{"line":6,"column":4}}},"fnMap":{"0":{"name":"successResponse","decl":{"start":{"line":1,"column":16},"end":{"line":1,"column":31}},"loc":{"start":{"line":1,"column":58},"end":{"line":7,"column":1}}}},"branchMap":{"0":{"loc":{"start":{"line":1,"column":44},"end":{"line":1,"column":58}},"type":"default-arg","locations":[{"start":{"line":1,"column":54},"end":{"line":1,"column":58}}]}},"s":{"0":3,"1":2},"f":{"0":2},"b":{"0":[1]}}
}
