TN:
SF:src/core/config/config.module.ts
FN:10,(anonymous_1)
FNF:1
FNH:1
FNDA:4,(anonymous_1)
DA:1,4
DA:2,4
DA:4,4
DA:11,4
DA:12,4
DA:13,1
DA:17,1
DA:20,3
DA:25,4
LF:9
LH:9
BRDA:12,0,0,1
BRF:1
BRH:1
end_of_record
TN:
SF:src/core/config/env.schema.ts
FNF:0
FNH:0
DA:1,4
DA:3,4
LF:2
LH:2
BRF:0
BRH:0
end_of_record
TN:
SF:src/core/config/index.ts
FNF:0
FNH:0
DA:1,3
DA:2,3
LF:2
LH:2
BRF:0
BRH:0
end_of_record
TN:
SF:src/modules/app/app.controller.ts
FN:10,(anonymous_4)
FN:13,(anonymous_5)
FN:27,(anonymous_6)
FN:34,(anonymous_7)
FNF:4
FNH:4
FNDA:4,(anonymous_4)
FNDA:1,(anonymous_5)
FNDA:1,(anonymous_6)
FNDA:1,(anonymous_7)
DA:1,1
DA:2,1
DA:3,1
DA:5,1
DA:6,1
DA:9,1
DA:10,4
DA:13,1
DA:14,1
DA:27,1
DA:30,1
DA:34,1
DA:35,1
LF:13
LH:13
BRF:0
BRH:0
end_of_record
TN:
SF:src/modules/app/app.service.ts
FN:8,(anonymous_1)
FN:12,(anonymous_2)
FN:19,(anonymous_3)
FNF:3
FNH:3
FNDA:1,(anonymous_1)
FNDA:1,(anonymous_2)
FNDA:1,(anonymous_3)
DA:1,2
DA:2,2
DA:7,2
DA:9,1
DA:13,1
DA:20,1
LF:6
LH:6
BRF:0
BRH:0
end_of_record
TN:
SF:src/modules/app/dto/greeting.dto.ts
FNF:0
FNH:0
DA:1,1
DA:3,1
LF:2
LH:2
BRF:0
BRH:0
end_of_record
TN:
SF:src/shared/pipes/index.ts
FNF:0
FNH:0
DA:1,1
LF:1
LH:1
BRF:0
BRH:0
end_of_record
TN:
SF:src/shared/pipes/zod-validation.pipe.ts
FN:10,(anonymous_0)
FN:12,(anonymous_1)
FNF:2
FNH:2
FNDA:2,(anonymous_0)
FNDA:2,(anonymous_1)
DA:1,2
DA:6,2
DA:9,2
DA:10,2
DA:13,2
DA:14,2
DA:15,1
DA:21,1
LF:8
LH:8
BRDA:14,0,0,1
BRF:1
BRH:1
end_of_record
TN:
SF:src/shared/utils/env.ts
FNF:0
FNH:0
DA:1,3
DA:3,3
LF:2
LH:2
BRF:0
BRH:0
end_of_record
TN:
SF:src/shared/utils/extract-first-zod-error.ts
FN:3,extractFirstZodError
FNF:1
FNH:1
FNDA:4,extractFirstZodError
DA:3,4
DA:6,4
DA:8,4
DA:9,8
DA:15,3
DA:20,1
LF:6
LH:6
BRDA:9,0,0,3
BRDA:10,1,0,8
BRDA:10,1,1,5
BRDA:10,1,2,5
BRDA:10,1,3,5
BRF:5
BRH:5
end_of_record
TN:
SF:src/shared/utils/index.ts
FNF:0
FNH:0
DA:1,3
DA:2,3
DA:3,3
LF:3
LH:3
BRF:0
BRH:0
end_of_record
TN:
SF:src/shared/utils/response.helper.ts
FN:1,successResponse
FNF:1
FNH:1
FNDA:2,successResponse
DA:1,3
DA:2,2
LF:2
LH:2
BRDA:1,0,0,1
BRF:1
BRH:1
end_of_record
